<?xml version="1.0" encoding="UTF-8"?>
<robot generator="Robot 6.1.1 (Python 3.10.7 on win32)" generated="20231117 00:05:50.945" rpa="false" schemaversion="4">
<suite id="s1" name="Tests" source="D:\Jani\Opis\Ohjelmistotuotanto\ohtuPalautukset\viikko3\web-login\src\tests">
<suite id="s1-s1" name="Home" source="D:\Jani\Opis\Ohjelmistotuotanto\ohtuPalautukset\viikko3\web-login\src\tests\home.robot">
<kw name="Open And Configure Browser" library="resource" type="SETUP">
<kw name="Evaluate" library="BuiltIn">
<var>${options}</var>
<arg>sys.modules['selenium.webdriver'].FirefoxOptions()</arg>
<arg>sys</arg>
<doc>Evaluates the given expression in Python and returns the result.</doc>
<msg timestamp="20231117 00:05:53.234" level="INFO">${options} = &lt;selenium.webdriver.firefox.options.Options object at 0x0000024FFDA168C0&gt;</msg>
<status status="PASS" starttime="20231117 00:05:53.233" endtime="20231117 00:05:53.234"/>
</kw>
<kw name="Evaluate" library="BuiltIn">
<var>${options}</var>
<arg>sys.modules['selenium.webdriver'].ChromeOptions()</arg>
<arg>sys</arg>
<doc>Evaluates the given expression in Python and returns the result.</doc>
<msg timestamp="20231117 00:05:53.234" level="INFO">${options} = &lt;selenium.webdriver.chrome.options.Options object at 0x0000024FFDA16A40&gt;</msg>
<status status="PASS" starttime="20231117 00:05:53.234" endtime="20231117 00:05:53.234"/>
</kw>
<kw name="Call Method" library="BuiltIn">
<arg>${options}</arg>
<arg>add_argument</arg>
<arg>--no-sandbox</arg>
<doc>Calls the named method of the given object with the provided arguments.</doc>
<status status="PASS" starttime="20231117 00:05:53.234" endtime="20231117 00:05:53.234"/>
</kw>
<kw name="Open Browser" library="SeleniumLibrary">
<arg>browser=chrome</arg>
<arg>options=${options}</arg>
<doc>Opens a new browser instance to the optional ``url``.</doc>
<msg timestamp="20231117 00:05:53.235" level="INFO">Opening browser 'chrome' to base url 'None'.</msg>
<msg timestamp="20231117 00:05:53.690" level="WARN">The chromedriver version (114.0.5735.90) detected in PATH at E:\Opiskelu\ChromeDriver\chromedriver.exe might not be compatible with the detected chrome version (119.0.6045.160); currently, chromedriver 119.0.6045.105 is recommended for chrome 119.*, so it is advised to delete the driver in PATH and retry</msg>
<msg timestamp="20231117 00:05:56.807" level="INFO">Cannot capture screenshot because no browser is open.</msg>
<msg timestamp="20231117 00:05:56.807" level="FAIL">SessionNotCreatedException: Message: session not created: This version of ChromeDriver only supports Chrome version 114
Current browser version is 119.0.6045.160 with binary path C:\Program Files\Google\Chrome\Application\chrome.exe
Stacktrace:
Backtrace:
	GetHandleVerifier [0x0068A813+48355]
	(No symbol) [0x0061C4B1]
	(No symbol) [0x00525358]
	(No symbol) [0x005461AC]
	(No symbol) [0x00541EF3]
	(No symbol) [0x00540579]
	(No symbol) [0x00570C55]
	(No symbol) [0x0057093C]
	(No symbol) [0x0056A536]
	(No symbol) [0x005482DC]
	(No symbol) [0x005493DD]
	GetHandleVerifier [0x008EAABD+2539405]
	GetHandleVerifier [0x0092A78F+2800735]
	GetHandleVerifier [0x0092456C+2775612]
	GetHandleVerifier [0x007151E0+616112]
	(No symbol) [0x00625F8C]
	(No symbol) [0x00622328]
	(No symbol) [0x0062240B]
	(No symbol) [0x00614FF7]
	BaseThreadInitThunk [0x75A9FCC9+25]
	RtlGetAppContainerNamedObjectPath [0x77457C6E+286]
	RtlGetAppContainerNamedObjectPath [0x77457C3E+238]
</msg>
<status status="FAIL" starttime="20231117 00:05:53.234" endtime="20231117 00:05:56.809"/>
</kw>
<kw name="Set Selenium Speed" library="SeleniumLibrary">
<arg>${DELAY}</arg>
<doc>Sets the delay that is waited after each Selenium command.</doc>
<status status="NOT RUN" starttime="20231117 00:05:56.809" endtime="20231117 00:05:56.809"/>
</kw>
<status status="FAIL" starttime="20231117 00:05:53.233" endtime="20231117 00:05:56.809"/>
</kw>
<test id="s1-s1-t1" name="Click Login Link" line="8">
<status status="FAIL" starttime="20231117 00:05:56.809" endtime="20231117 00:05:56.810">Parent suite setup failed:
SessionNotCreatedException: Message: session not created: This version of ChromeDriver only supports Chrome version 114
Current browser version is 119.0.6045.160 with binary path C:\Program Files\Google\Chrome\Application\chrome.exe
Stacktrace:
Backtrace:
	GetHandleVerifier [0x0068A813+48355]
	(No symbol) [0x0061C4B1]
	(No symbol) [0x00525358]
	(No symbol) [0x005461AC]
	(No symbol) [0x00541EF3]
	(No symbol) [0x00540579]
	(No symbol) [0x00570C55]
	(No symbol) [0x0057093C]
	(No symbol) [0x0056A536]
	(No symbol) [0x005482DC]
	(No symbol) [0x005493DD]
	GetHandleVerifier [0x008EAABD+2539405]
	GetHandleVerifier [0x0092A78F+2800735]
	GetHandleVerifier [0x0092456C+2775612]
	GetHandleVerifier [0x007151E0+616112]
	(No symbol) [0x00625F8C]
	(No symbol) [0x00622328]
	(No symbol) [0x0062240B]
	(No symbol) [0x00614FF7]
	BaseThreadInitThunk [0x75A9FCC9+25]
	RtlGetAppContainerNamedObjectPath [0x77457C6E+286]
	RtlGetAppContainerNamedObjectPath [0x77457C3E+238]
</status>
</test>
<test id="s1-s1-t2" name="Click Register Link" line="12">
<status status="FAIL" starttime="20231117 00:05:56.812" endtime="20231117 00:05:56.812">Parent suite setup failed:
SessionNotCreatedException: Message: session not created: This version of ChromeDriver only supports Chrome version 114
Current browser version is 119.0.6045.160 with binary path C:\Program Files\Google\Chrome\Application\chrome.exe
Stacktrace:
Backtrace:
	GetHandleVerifier [0x0068A813+48355]
	(No symbol) [0x0061C4B1]
	(No symbol) [0x00525358]
	(No symbol) [0x005461AC]
	(No symbol) [0x00541EF3]
	(No symbol) [0x00540579]
	(No symbol) [0x00570C55]
	(No symbol) [0x0057093C]
	(No symbol) [0x0056A536]
	(No symbol) [0x005482DC]
	(No symbol) [0x005493DD]
	GetHandleVerifier [0x008EAABD+2539405]
	GetHandleVerifier [0x0092A78F+2800735]
	GetHandleVerifier [0x0092456C+2775612]
	GetHandleVerifier [0x007151E0+616112]
	(No symbol) [0x00625F8C]
	(No symbol) [0x00622328]
	(No symbol) [0x0062240B]
	(No symbol) [0x00614FF7]
	BaseThreadInitThunk [0x75A9FCC9+25]
	RtlGetAppContainerNamedObjectPath [0x77457C6E+286]
	RtlGetAppContainerNamedObjectPath [0x77457C3E+238]
</status>
</test>
<kw name="Close Browser" library="SeleniumLibrary" type="TEARDOWN">
<doc>Closes the current browser.</doc>
<status status="PASS" starttime="20231117 00:05:56.814" endtime="20231117 00:05:56.814"/>
</kw>
<status status="FAIL" starttime="20231117 00:05:50.972" endtime="20231117 00:05:56.814">Suite setup failed:
SessionNotCreatedException: Message: session not created: This version of ChromeDriver only supports Chrome version 114
Current browser version is 119.0.6045.160 with binary path C:\Program Files\Google\Chrome\Application\chrome.exe
Stacktrace:
Backtrace:
	GetHandleVerifier [0x0068A813+48355]
	(No symbol) [0x0061C4B1]
	(No symbol) [0x00525358]
	(No symbol) [0x005461AC]
	(No symbol) [0x00541EF3]
	(No symbol) [0x00540579]
	(No symbol) [0x00570C55]
	(No symbol) [0x0057093C]
	(No symbol) [0x0056A536]
	(No symbol) [0x005482DC]
	(No symbol) [0x005493DD]
	GetHandleVerifier [0x008EAABD+2539405]
	GetHandleVerifier [0x0092A78F+2800735]
	GetHandleVerifier [0x0092456C+2775612]
	GetHandleVerifier [0x007151E0+616112]
	(No symbol) [0x00625F8C]
	(No symbol) [0x00622328]
	(No symbol) [0x0062240B]
	(No symbol) [0x00614FF7]
	BaseThreadInitThunk [0x75A9FCC9+25]
	RtlGetAppContainerNamedObjectPath [0x77457C6E+286]
	RtlGetAppContainerNamedObjectPath [0x77457C3E+238]
</status>
</suite>
<suite id="s1-s2" name="Login" source="D:\Jani\Opis\Ohjelmistotuotanto\ohtuPalautukset\viikko3\web-login\src\tests\login.robot">
<kw name="Open And Configure Browser" library="resource" type="SETUP">
<kw name="Evaluate" library="BuiltIn">
<var>${options}</var>
<arg>sys.modules['selenium.webdriver'].FirefoxOptions()</arg>
<arg>sys</arg>
<doc>Evaluates the given expression in Python and returns the result.</doc>
<msg timestamp="20231117 00:05:56.822" level="INFO">${options} = &lt;selenium.webdriver.firefox.options.Options object at 0x0000024FFDB01F60&gt;</msg>
<status status="PASS" starttime="20231117 00:05:56.822" endtime="20231117 00:05:56.822"/>
</kw>
<kw name="Evaluate" library="BuiltIn">
<var>${options}</var>
<arg>sys.modules['selenium.webdriver'].ChromeOptions()</arg>
<arg>sys</arg>
<doc>Evaluates the given expression in Python and returns the result.</doc>
<msg timestamp="20231117 00:05:56.823" level="INFO">${options} = &lt;selenium.webdriver.chrome.options.Options object at 0x0000024FFDA17EB0&gt;</msg>
<status status="PASS" starttime="20231117 00:05:56.823" endtime="20231117 00:05:56.823"/>
</kw>
<kw name="Call Method" library="BuiltIn">
<arg>${options}</arg>
<arg>add_argument</arg>
<arg>--no-sandbox</arg>
<doc>Calls the named method of the given object with the provided arguments.</doc>
<status status="PASS" starttime="20231117 00:05:56.823" endtime="20231117 00:05:56.823"/>
</kw>
<kw name="Open Browser" library="SeleniumLibrary">
<arg>browser=chrome</arg>
<arg>options=${options}</arg>
<doc>Opens a new browser instance to the optional ``url``.</doc>
<msg timestamp="20231117 00:05:56.823" level="INFO">Opening browser 'chrome' to base url 'None'.</msg>
<msg timestamp="20231117 00:05:57.258" level="WARN">The chromedriver version (114.0.5735.90) detected in PATH at E:\Opiskelu\ChromeDriver\chromedriver.exe might not be compatible with the detected chrome version (119.0.6045.160); currently, chromedriver 119.0.6045.105 is recommended for chrome 119.*, so it is advised to delete the driver in PATH and retry</msg>
<msg timestamp="20231117 00:06:00.380" level="INFO">Cannot capture screenshot because no browser is open.</msg>
<msg timestamp="20231117 00:06:00.380" level="FAIL">SessionNotCreatedException: Message: session not created: This version of ChromeDriver only supports Chrome version 114
Current browser version is 119.0.6045.160 with binary path C:\Program Files\Google\Chrome\Application\chrome.exe
Stacktrace:
Backtrace:
	GetHandleVerifier [0x0068A813+48355]
	(No symbol) [0x0061C4B1]
	(No symbol) [0x00525358]
	(No symbol) [0x005461AC]
	(No symbol) [0x00541EF3]
	(No symbol) [0x00540579]
	(No symbol) [0x00570C55]
	(No symbol) [0x0057093C]
	(No symbol) [0x0056A536]
	(No symbol) [0x005482DC]
	(No symbol) [0x005493DD]
	GetHandleVerifier [0x008EAABD+2539405]
	GetHandleVerifier [0x0092A78F+2800735]
	GetHandleVerifier [0x0092456C+2775612]
	GetHandleVerifier [0x007151E0+616112]
	(No symbol) [0x00625F8C]
	(No symbol) [0x00622328]
	(No symbol) [0x0062240B]
	(No symbol) [0x00614FF7]
	BaseThreadInitThunk [0x75A9FCC9+25]
	RtlGetAppContainerNamedObjectPath [0x77457C6E+286]
	RtlGetAppContainerNamedObjectPath [0x77457C3E+238]
</msg>
<status status="FAIL" starttime="20231117 00:05:56.823" endtime="20231117 00:06:00.381"/>
</kw>
<kw name="Set Selenium Speed" library="SeleniumLibrary">
<arg>${DELAY}</arg>
<doc>Sets the delay that is waited after each Selenium command.</doc>
<status status="NOT RUN" starttime="20231117 00:06:00.381" endtime="20231117 00:06:00.381"/>
</kw>
<status status="FAIL" starttime="20231117 00:05:56.822" endtime="20231117 00:06:00.381"/>
</kw>
<test id="s1-s2-t1" name="Login With Correct Credentials" line="8">
<status status="FAIL" starttime="20231117 00:06:00.381" endtime="20231117 00:06:00.382">Parent suite setup failed:
SessionNotCreatedException: Message: session not created: This version of ChromeDriver only supports Chrome version 114
Current browser version is 119.0.6045.160 with binary path C:\Program Files\Google\Chrome\Application\chrome.exe
Stacktrace:
Backtrace:
	GetHandleVerifier [0x0068A813+48355]
	(No symbol) [0x0061C4B1]
	(No symbol) [0x00525358]
	(No symbol) [0x005461AC]
	(No symbol) [0x00541EF3]
	(No symbol) [0x00540579]
	(No symbol) [0x00570C55]
	(No symbol) [0x0057093C]
	(No symbol) [0x0056A536]
	(No symbol) [0x005482DC]
	(No symbol) [0x005493DD]
	GetHandleVerifier [0x008EAABD+2539405]
	GetHandleVerifier [0x0092A78F+2800735]
	GetHandleVerifier [0x0092456C+2775612]
	GetHandleVerifier [0x007151E0+616112]
	(No symbol) [0x00625F8C]
	(No symbol) [0x00622328]
	(No symbol) [0x0062240B]
	(No symbol) [0x00614FF7]
	BaseThreadInitThunk [0x75A9FCC9+25]
	RtlGetAppContainerNamedObjectPath [0x77457C6E+286]
	RtlGetAppContainerNamedObjectPath [0x77457C3E+238]
</status>
</test>
<test id="s1-s2-t2" name="Login With Incorrect Password" line="14">
<status status="FAIL" starttime="20231117 00:06:00.383" endtime="20231117 00:06:00.384">Parent suite setup failed:
SessionNotCreatedException: Message: session not created: This version of ChromeDriver only supports Chrome version 114
Current browser version is 119.0.6045.160 with binary path C:\Program Files\Google\Chrome\Application\chrome.exe
Stacktrace:
Backtrace:
	GetHandleVerifier [0x0068A813+48355]
	(No symbol) [0x0061C4B1]
	(No symbol) [0x00525358]
	(No symbol) [0x005461AC]
	(No symbol) [0x00541EF3]
	(No symbol) [0x00540579]
	(No symbol) [0x00570C55]
	(No symbol) [0x0057093C]
	(No symbol) [0x0056A536]
	(No symbol) [0x005482DC]
	(No symbol) [0x005493DD]
	GetHandleVerifier [0x008EAABD+2539405]
	GetHandleVerifier [0x0092A78F+2800735]
	GetHandleVerifier [0x0092456C+2775612]
	GetHandleVerifier [0x007151E0+616112]
	(No symbol) [0x00625F8C]
	(No symbol) [0x00622328]
	(No symbol) [0x0062240B]
	(No symbol) [0x00614FF7]
	BaseThreadInitThunk [0x75A9FCC9+25]
	RtlGetAppContainerNamedObjectPath [0x77457C6E+286]
	RtlGetAppContainerNamedObjectPath [0x77457C3E+238]
</status>
</test>
<kw name="Close Browser" library="SeleniumLibrary" type="TEARDOWN">
<doc>Closes the current browser.</doc>
<status status="PASS" starttime="20231117 00:06:00.386" endtime="20231117 00:06:00.386"/>
</kw>
<status status="FAIL" starttime="20231117 00:05:56.816" endtime="20231117 00:06:00.386">Suite setup failed:
SessionNotCreatedException: Message: session not created: This version of ChromeDriver only supports Chrome version 114
Current browser version is 119.0.6045.160 with binary path C:\Program Files\Google\Chrome\Application\chrome.exe
Stacktrace:
Backtrace:
	GetHandleVerifier [0x0068A813+48355]
	(No symbol) [0x0061C4B1]
	(No symbol) [0x00525358]
	(No symbol) [0x005461AC]
	(No symbol) [0x00541EF3]
	(No symbol) [0x00540579]
	(No symbol) [0x00570C55]
	(No symbol) [0x0057093C]
	(No symbol) [0x0056A536]
	(No symbol) [0x005482DC]
	(No symbol) [0x005493DD]
	GetHandleVerifier [0x008EAABD+2539405]
	GetHandleVerifier [0x0092A78F+2800735]
	GetHandleVerifier [0x0092456C+2775612]
	GetHandleVerifier [0x007151E0+616112]
	(No symbol) [0x00625F8C]
	(No symbol) [0x00622328]
	(No symbol) [0x0062240B]
	(No symbol) [0x00614FF7]
	BaseThreadInitThunk [0x75A9FCC9+25]
	RtlGetAppContainerNamedObjectPath [0x77457C6E+286]
	RtlGetAppContainerNamedObjectPath [0x77457C3E+238]
</status>
</suite>
<status status="FAIL" starttime="20231117 00:05:50.946" endtime="20231117 00:06:00.388"/>
</suite>
<statistics>
<total>
<stat pass="0" fail="4" skip="0">All Tests</stat>
</total>
<tag>
</tag>
<suite>
<stat pass="0" fail="4" skip="0" id="s1" name="Tests">Tests</stat>
<stat pass="0" fail="2" skip="0" id="s1-s1" name="Home">Tests.Home</stat>
<stat pass="0" fail="2" skip="0" id="s1-s2" name="Login">Tests.Login</stat>
</suite>
</statistics>
<errors>
<msg timestamp="20231117 00:05:53.690" level="WARN">The chromedriver version (114.0.5735.90) detected in PATH at E:\Opiskelu\ChromeDriver\chromedriver.exe might not be compatible with the detected chrome version (119.0.6045.160); currently, chromedriver 119.0.6045.105 is recommended for chrome 119.*, so it is advised to delete the driver in PATH and retry</msg>
<msg timestamp="20231117 00:05:57.258" level="WARN">The chromedriver version (114.0.5735.90) detected in PATH at E:\Opiskelu\ChromeDriver\chromedriver.exe might not be compatible with the detected chrome version (119.0.6045.160); currently, chromedriver 119.0.6045.105 is recommended for chrome 119.*, so it is advised to delete the driver in PATH and retry</msg>
</errors>
</robot>
